<?xml version="1.0" encoding="UTF-8"?>
<!-- Generated by org.testng.reporters.JUnitReportReporter -->
<testsuite hostname="LAPTOP-1O3IM9L4" failures="0" tests="8" name="com.dsAlgo.testCases.TC_DsAlgoHomeTest" time="29.774" errors="0" timestamp="2022-10-21T17:25:35 EDT" skipped="0">
  <testcase classname="com.dsAlgo.testCases.TC_DsAlgoHomeTest" name="verifyArrayPageNav_FromDropdown" time="1.882"/>
  <system-out/>
  <testcase classname="com.dsAlgo.testCases.TC_DsAlgoHomeTest" name="signIn" time="18.405"/>
  <system-out/>
  <testcase classname="com.dsAlgo.testCases.TC_DsAlgoHomeTest" name="verifyDropDown" time="3.156"/>
  <system-out/>
  <testcase classname="com.dsAlgo.testCases.TC_DsAlgoHomeTest" name="verifyQueuePageNav_AfterLogin" time="1.536"/>
  <system-out/>
  <testcase classname="com.dsAlgo.testCases.TC_DsAlgoHomeTest" name="verifyRegisterLink" time="0.377"/>
  <system-out/>
  <testcase classname="com.dsAlgo.testCases.TC_DsAlgoHomeTest" name="verifyTreePageNav_AfterLogin" time="1.605"/>
  <system-out/>
  <testcase classname="com.dsAlgo.testCases.TC_DsAlgoHomeTest" name="verifyArrayPageNav_BeforeLogin" time="0.994"/>
  <system-out/>
  <testcase classname="com.dsAlgo.testCases.TC_DsAlgoHomeTest" name="verifyArrayPageNav_AfterLogin" time="1.819"/>
  <system-out/>
</testsuite> <!-- com.dsAlgo.testCases.TC_DsAlgoHomeTest -->
