<?xml version="1.0" encoding="UTF-8"?>
<!-- Generated by org.testng.reporters.JUnitReportReporter -->
<testsuite hostname="LAPTOP-1O3IM9L4" failures="0" tests="13" name="com.dsAlgo.testCases.TC_DsAlgoTreeTest" time="16.904" errors="0" timestamp="2022-10-21T17:25:35 EDT" skipped="0">
  <testcase classname="com.dsAlgo.testCases.TC_DsAlgoTreeTest" name="verifyBinaryTrees" time="1.168"/>
  <system-out/>
  <testcase classname="com.dsAlgo.testCases.TC_DsAlgoTreeTest" name="verifyAppOfBinaryTrees" time="1.147"/>
  <system-out/>
  <testcase classname="com.dsAlgo.testCases.TC_DsAlgoTreeTest" name="verifyBinaryTreeTraversals" time="0.806"/>
  <system-out/>
  <testcase classname="com.dsAlgo.testCases.TC_DsAlgoTreeTest" name="VerifyTreeTraversals" time="1.017"/>
  <system-out/>
  <testcase classname="com.dsAlgo.testCases.TC_DsAlgoTreeTest" name="verifyImpInPython" time="0.674"/>
  <system-out/>
  <testcase classname="com.dsAlgo.testCases.TC_DsAlgoTreeTest" name="VerifyTerminologies" time="1.332"/>
  <system-out/>
  <testcase classname="com.dsAlgo.testCases.TC_DsAlgoTreeTest" name="verifyTypesOfBinaryTrees" time="0.756"/>
  <system-out/>
  <testcase classname="com.dsAlgo.testCases.TC_DsAlgoTreeTest" name="verifyImpInBinaryTrees" time="0.719"/>
  <system-out/>
  <testcase classname="com.dsAlgo.testCases.TC_DsAlgoTreeTest" name="VerifyTypesOfTrees" time="1.119"/>
  <system-out/>
  <testcase classname="com.dsAlgo.testCases.TC_DsAlgoTreeTest" name="VerifyOverviewOfTrees" time="5.150"/>
  <system-out/>
  <testcase classname="com.dsAlgo.testCases.TC_DsAlgoTreeTest" name="verifyImpOfBST" time="0.848"/>
  <system-out/>
  <testcase classname="com.dsAlgo.testCases.TC_DsAlgoTreeTest" name="verifyTraversalsIllustration" time="0.812"/>
  <system-out/>
  <testcase classname="com.dsAlgo.testCases.TC_DsAlgoTreeTest" name="verifyBST" time="1.356"/>
  <system-out/>
</testsuite> <!-- com.dsAlgo.testCases.TC_DsAlgoTreeTest -->
