<?xml version="1.0" encoding="UTF-8"?>
<!-- Generated by org.testng.reporters.JUnitReportReporter -->
<testsuite hostname="LAPTOP-1O3IM9L4" failures="0" tests="1" name="com.dsAlgo.testCases.TC_DsAlgoArrayTest" time="3.429" errors="0" timestamp="2022-10-21T11:34:54 EDT" skipped="0">
  <testcase classname="com.dsAlgo.testCases.TC_DsAlgoArrayTest" name="testArray" time="3.429"/>
  <system-out/>
</testsuite> <!-- com.dsAlgo.testCases.TC_DsAlgoArrayTest -->
