<?xml version="1.0" encoding="UTF-8"?>
<!-- Generated by org.testng.reporters.JUnitReportReporter -->
<testsuite hostname="LAPTOP-1O3IM9L4" failures="0" tests="6" name="com.dsAlgo.testCases.TC_DsAlgoQueueTest" time="11.071" errors="0" timestamp="2022-10-21T17:25:35 EDT" skipped="0">
  <testcase classname="com.dsAlgo.testCases.TC_DsAlgoQueueTest" name="verifyLinkImpQueueInPython" time="0.364"/>
  <system-out/>
  <testcase classname="com.dsAlgo.testCases.TC_DsAlgoQueueTest" name="verifyRunBtnFromQueue" time="5.708"/>
  <system-out/>
  <testcase classname="com.dsAlgo.testCases.TC_DsAlgoQueueTest" name="verifyPracticeQuestions" time="0.414"/>
  <system-out/>
  <testcase classname="com.dsAlgo.testCases.TC_DsAlgoQueueTest" name="verifyCollectionsLink" time="0.676"/>
  <system-out/>
  <testcase classname="com.dsAlgo.testCases.TC_DsAlgoQueueTest" name="verifyArrayLink" time="3.263"/>
  <system-out/>
  <testcase classname="com.dsAlgo.testCases.TC_DsAlgoQueueTest" name="verifyQueueOperations" time="0.646"/>
  <system-out/>
</testsuite> <!-- com.dsAlgo.testCases.TC_DsAlgoQueueTest -->
