<?xml version="1.0" encoding="UTF-8"?>
<!-- Generated by org.testng.reporters.JUnitReportReporter -->
<testsuite hostname="LAPTOP-1O3IM9L4" failures="0" tests="4" name="com.dsAlgo.testCases.TC_DsAlgoLoginTest" time="3.265" errors="0" timestamp="2022-10-21T17:25:35 EDT" skipped="0">
  <testcase classname="com.dsAlgo.testCases.TC_DsAlgoLoginTest" name="loginTest" time="1.626"/>
  <system-out/>
  <testcase classname="com.dsAlgo.testCases.TC_DsAlgoLoginTest" name="loginTest" time="0.811"/>
  <system-out/>
  <testcase classname="com.dsAlgo.testCases.TC_DsAlgoLoginTest" name="loginTest" time="0.417"/>
  <system-out/>
  <testcase classname="com.dsAlgo.testCases.TC_DsAlgoLoginTest" name="loginTest" time="0.411"/>
  <system-out/>
</testsuite> <!-- com.dsAlgo.testCases.TC_DsAlgoLoginTest -->
