<?xml version="1.0" encoding="UTF-8"?>
<!-- Generated by org.testng.reporters.JUnitReportReporter -->
<testsuite hostname="LAPTOP-1O3IM9L4" failures="0" tests="13" name="com.dsAlgo.testCases.TC_DsAlgoTreeTest" time="15.406" errors="0" timestamp="2022-10-21T17:20:52 EDT" skipped="0">
  <testcase classname="com.dsAlgo.testCases.TC_DsAlgoTreeTest" name="VerifyOverviewOfTrees" time="3.515"/>
  <system-out/>
  <testcase classname="com.dsAlgo.testCases.TC_DsAlgoTreeTest" name="verifyImpInBinaryTrees" time="1.056"/>
  <system-out/>
  <testcase classname="com.dsAlgo.testCases.TC_DsAlgoTreeTest" name="verifyBinaryTreeTraversals" time="1.188"/>
  <system-out/>
  <testcase classname="com.dsAlgo.testCases.TC_DsAlgoTreeTest" name="verifyAppOfBinaryTrees" time="1.017"/>
  <system-out/>
  <testcase classname="com.dsAlgo.testCases.TC_DsAlgoTreeTest" name="verifyImpOfBST" time="0.886"/>
  <system-out/>
  <testcase classname="com.dsAlgo.testCases.TC_DsAlgoTreeTest" name="verifyBinaryTrees" time="0.893"/>
  <system-out/>
  <testcase classname="com.dsAlgo.testCases.TC_DsAlgoTreeTest" name="verifyImpInPython" time="0.856"/>
  <system-out/>
  <testcase classname="com.dsAlgo.testCases.TC_DsAlgoTreeTest" name="verifyTraversalsIllustration" time="1.006"/>
  <system-out/>
  <testcase classname="com.dsAlgo.testCases.TC_DsAlgoTreeTest" name="verifyTypesOfBinaryTrees" time="0.890"/>
  <system-out/>
  <testcase classname="com.dsAlgo.testCases.TC_DsAlgoTreeTest" name="VerifyTreeTraversals" time="1.125"/>
  <system-out/>
  <testcase classname="com.dsAlgo.testCases.TC_DsAlgoTreeTest" name="VerifyTerminologies" time="0.867"/>
  <system-out/>
  <testcase classname="com.dsAlgo.testCases.TC_DsAlgoTreeTest" name="VerifyTypesOfTrees" time="0.913"/>
  <system-out/>
  <testcase classname="com.dsAlgo.testCases.TC_DsAlgoTreeTest" name="verifyBST" time="1.194"/>
  <system-out/>
</testsuite> <!-- com.dsAlgo.testCases.TC_DsAlgoTreeTest -->
