<?xml version="1.0" encoding="UTF-8"?>
<!-- Generated by org.testng.reporters.JUnitReportReporter -->
<testsuite hostname="LAPTOP-1O3IM9L4" failures="0" tests="8" name="com.dsAlgo.testCases.TC_DsAlgoHomeTest" time="9.850" errors="0" timestamp="2022-10-21T17:20:52 EDT" skipped="0">
  <testcase classname="com.dsAlgo.testCases.TC_DsAlgoHomeTest" name="verifyDropDown" time="1.088"/>
  <system-out/>
  <testcase classname="com.dsAlgo.testCases.TC_DsAlgoHomeTest" name="verifyTreePageNav_AfterLogin" time="1.404"/>
  <system-out/>
  <testcase classname="com.dsAlgo.testCases.TC_DsAlgoHomeTest" name="verifyArrayPageNav_FromDropdown" time="1.660"/>
  <system-out/>
  <testcase classname="com.dsAlgo.testCases.TC_DsAlgoHomeTest" name="verifyQueuePageNav_AfterLogin" time="1.356"/>
  <system-out/>
  <testcase classname="com.dsAlgo.testCases.TC_DsAlgoHomeTest" name="verifyRegisterLink" time="0.367"/>
  <system-out/>
  <testcase classname="com.dsAlgo.testCases.TC_DsAlgoHomeTest" name="signIn" time="2.099"/>
  <system-out/>
  <testcase classname="com.dsAlgo.testCases.TC_DsAlgoHomeTest" name="verifyArrayPageNav_BeforeLogin" time="0.657"/>
  <system-out/>
  <testcase classname="com.dsAlgo.testCases.TC_DsAlgoHomeTest" name="verifyArrayPageNav_AfterLogin" time="1.219"/>
  <system-out/>
</testsuite> <!-- com.dsAlgo.testCases.TC_DsAlgoHomeTest -->
