<?xml version="1.0" encoding="UTF-8"?>
<!-- Generated by org.testng.reporters.JUnitReportReporter -->
<testsuite hostname="LAPTOP-1O3IM9L4" failures="0" tests="6" name="com.dsAlgo.testCases.TC_DsAlgoQueueTest" time="10.663" errors="0" timestamp="2022-10-21T17:20:52 EDT" skipped="0">
  <testcase classname="com.dsAlgo.testCases.TC_DsAlgoQueueTest" name="verifyCollectionsLink" time="0.581"/>
  <system-out/>
  <testcase classname="com.dsAlgo.testCases.TC_DsAlgoQueueTest" name="verifyQueueOperations" time="0.692"/>
  <system-out/>
  <testcase classname="com.dsAlgo.testCases.TC_DsAlgoQueueTest" name="verifyPracticeQuestions" time="0.466"/>
  <system-out/>
  <testcase classname="com.dsAlgo.testCases.TC_DsAlgoQueueTest" name="verifyLinkImpQueueInPython" time="0.297"/>
  <system-out/>
  <testcase classname="com.dsAlgo.testCases.TC_DsAlgoQueueTest" name="verifyRunBtnFromQueue" time="5.822"/>
  <system-out/>
  <testcase classname="com.dsAlgo.testCases.TC_DsAlgoQueueTest" name="verifyArrayLink" time="2.805"/>
  <system-out/>
</testsuite> <!-- com.dsAlgo.testCases.TC_DsAlgoQueueTest -->
