<?xml version="1.0" encoding="UTF-8"?>
<!-- Generated by org.testng.reporters.JUnitReportReporter -->
<testsuite hostname="LAPTOP-1O3IM9L4" failures="0" tests="4" name="com.dsAlgo.testCases.TC_DsAlgoLoginTest" time="3.597" errors="0" timestamp="2022-10-21T17:20:52 EDT" skipped="0">
  <testcase classname="com.dsAlgo.testCases.TC_DsAlgoLoginTest" name="loginTest" time="0.413"/>
  <system-out/>
  <testcase classname="com.dsAlgo.testCases.TC_DsAlgoLoginTest" name="loginTest" time="0.599"/>
  <system-out/>
  <testcase classname="com.dsAlgo.testCases.TC_DsAlgoLoginTest" name="loginTest" time="2.185"/>
  <system-out/>
  <testcase classname="com.dsAlgo.testCases.TC_DsAlgoLoginTest" name="loginTest" time="0.400"/>
  <system-out/>
</testsuite> <!-- com.dsAlgo.testCases.TC_DsAlgoLoginTest -->
